<?xml version="1.0" encoding="UTF-8"?>
<testng-results ignored="0" total="3" passed="3" failed="0" skipped="0">
  <reporter-output>
  </reporter-output>
  <suite started-at="2022-09-01T00:41:36 IST" name="Suite" finished-at="2022-09-01T00:41:44 IST" duration-ms="7940">
    <groups>
    </groups>
    <test started-at="2022-09-01T00:41:36 IST" name="TestOnChrome" finished-at="2022-09-01T00:41:40 IST" duration-ms="4306">
      <class name="com.qa.parallel.CrossBrowser">
        <test-method is-config="true" signature="LauchBrowser1(java.lang.String)[pri:0, instance:com.qa.parallel.CrossBrowser@2e222612]" started-at="2022-09-01T00:41:36 IST" name="LauchBrowser1" finished-at="2022-09-01T00:41:38 IST" duration-ms="1918" status="PASS">
          <params>
            <param index="0">
              <value>
                <![CDATA[chrome]]>
              </value>
            </param>
          </params>
          <reporter-output>
          </reporter-output>
        </test-method> <!-- LauchBrowser1 -->
        <test-method signature="verifyTitel1()[pri:0, instance:com.qa.parallel.CrossBrowser@2e222612]" started-at="2022-09-01T00:41:38 IST" name="verifyTitel1" finished-at="2022-09-01T00:41:40 IST" duration-ms="2342" status="PASS">
          <reporter-output>
          </reporter-output>
        </test-method> <!-- verifyTitel1 -->
      </class> <!-- com.qa.parallel.CrossBrowser -->
    </test> <!-- TestOnChrome -->
    <test started-at="2022-09-01T00:41:36 IST" name="TestOneMsedge" finished-at="2022-09-01T00:41:43 IST" duration-ms="6656">
      <class name="com.qa.parallel.CrossBrowser">
        <test-method is-config="true" signature="LauchBrowser1(java.lang.String)[pri:0, instance:com.qa.parallel.CrossBrowser@649bec2e]" started-at="2022-09-01T00:41:36 IST" name="LauchBrowser1" finished-at="2022-09-01T00:41:40 IST" duration-ms="3537" status="PASS">
          <params>
            <param index="0">
              <value>
                <![CDATA[msedge]]>
              </value>
            </param>
          </params>
          <reporter-output>
          </reporter-output>
        </test-method> <!-- LauchBrowser1 -->
        <test-method signature="verifyTitel1()[pri:0, instance:com.qa.parallel.CrossBrowser@649bec2e]" started-at="2022-09-01T00:41:40 IST" name="verifyTitel1" finished-at="2022-09-01T00:41:43 IST" duration-ms="3086" status="PASS">
          <reporter-output>
          </reporter-output>
        </test-method> <!-- verifyTitel1 -->
      </class> <!-- com.qa.parallel.CrossBrowser -->
    </test> <!-- TestOneMsedge -->
    <test started-at="2022-09-01T00:41:36 IST" name="TestOnFirefox" finished-at="2022-09-01T00:41:44 IST" duration-ms="7940">
      <class name="com.qa.parallel.CrossBrowser">
        <test-method is-config="true" signature="LauchBrowser1(java.lang.String)[pri:0, instance:com.qa.parallel.CrossBrowser@2accdbb5]" started-at="2022-09-01T00:41:36 IST" name="LauchBrowser1" finished-at="2022-09-01T00:41:41 IST" duration-ms="5403" status="PASS">
          <params>
            <param index="0">
              <value>
                <![CDATA[firefox]]>
              </value>
            </param>
          </params>
          <reporter-output>
          </reporter-output>
        </test-method> <!-- LauchBrowser1 -->
        <test-method signature="verifyTitel1()[pri:0, instance:com.qa.parallel.CrossBrowser@2accdbb5]" started-at="2022-09-01T00:41:41 IST" name="verifyTitel1" finished-at="2022-09-01T00:41:44 IST" duration-ms="2505" status="PASS">
          <reporter-output>
          </reporter-output>
        </test-method> <!-- verifyTitel1 -->
      </class> <!-- com.qa.parallel.CrossBrowser -->
    </test> <!-- TestOnFirefox -->
  </suite> <!-- Suite -->
</testng-results>
